<?xml version="1.0" encoding="utf-8"?>
<TestRun id="cc4788e3-1326-4b58-b407-f028bd03edcd" name="61410@AKASH 2025-07-25 16:23:26" runUser="AKASH\61410" xmlns="http://microsoft.com/schemas/VisualStudio/TeamTest/2010">
  <Times creation="2025-07-25T16:23:26.9373313+10:00" queuing="2025-07-25T16:23:26.9373323+10:00" start="2025-07-25T16:23:23.6936082+10:00" finish="2025-07-25T16:23:26.9524240+10:00" />
  <TestSettings name="default" id="6ea1e710-c494-4945-b87c-f97c6c8c2eac">
    <Deployment runDeploymentRoot="61410_AKASH_2025-07-25_16_23_26" />
  </TestSettings>
  <Results>
    <UnitTestResult executionId="f26d92a9-4fde-4d5f-b043-cbdb3d0e6883" testId="a05b935a-b8ab-d242-2b86-e4b070b08456" testName="CreateAndVerifyMacbookProAsset" computerName="AKASH" duration="00:00:02.3712000" startTime="2025-07-25T16:23:24.4591589+10:00" endTime="2025-07-25T16:23:26.8302567+10:00" testType="13cdc9d9-ddb5-4fa4-a97d-d965ccfc6d4b" outcome="Failed" testListId="8c84fa94-04c1-424b-9868-57a2d4851a1d" relativeResultsDirectory="f26d92a9-4fde-4d5f-b043-cbdb3d0e6883">
      <Output>
        <StdErr>node:internal/modules/cjs/loader:1404&#xD;
&#xD;
  throw err;&#xD;
&#xD;
  ^&#xD;
&#xD;
Error: Cannot find module '../server/utils/processLauncher'&#xD;
&#xD;
Require stack:&#xD;
&#xD;
- C:\Users\61410\SnipeITAutomation\bin\Debug\net6.0\.playwright\package\lib\cli\programWithTestStub.js&#xD;
&#xD;
- C:\Users\61410\SnipeITAutomation\bin\Debug\net6.0\.playwright\package\cli.js&#xD;
&#xD;
    at Function._resolveFilename (node:internal/modules/cjs/loader:1401:15)&#xD;
&#xD;
    at defaultResolveImpl (node:internal/modules/cjs/loader:1057:19)&#xD;
&#xD;
    at resolveForCJSWithHooks (node:internal/modules/cjs/loader:1062:22)&#xD;
&#xD;
    at Function._load (node:internal/modules/cjs/loader:1211:37)&#xD;
&#xD;
    at TracingChannel.traceSync (node:diagnostics_channel:322:14)&#xD;
&#xD;
    at wrapModuleLoad (node:internal/modules/cjs/loader:235:24)&#xD;
&#xD;
    at Module.require (node:internal/modules/cjs/loader:1487:12)&#xD;
&#xD;
    at require (node:internal/modules/helpers:135:16)&#xD;
&#xD;
    at Object.&lt;anonymous&gt; (C:\Users\61410\SnipeITAutomation\bin\Debug\net6.0\.playwright\package\lib\cli\programWithTestStub.js:24:30)&#xD;
&#xD;
    at Module._compile (node:internal/modules/cjs/loader:1730:14) {&#xD;
&#xD;
  code: 'MODULE_NOT_FOUND',&#xD;
&#xD;
  requireStack: [&#xD;
&#xD;
    'C:\\Users\\61410\\SnipeITAutomation\\bin\\Debug\\net6.0\\.playwright\\package\\lib\\cli\\programWithTestStub.js',&#xD;
&#xD;
    'C:\\Users\\61410\\SnipeITAutomation\\bin\\Debug\\net6.0\\.playwright\\package\\cli.js'&#xD;
&#xD;
  ]&#xD;
&#xD;
}&#xD;
&#xD;
Node.js v22.17.0</StdErr>
        <ErrorInfo>
          <Message>Microsoft.Playwright.TargetClosedException : Process exited&#xD;
TearDown : System.NullReferenceException : Object reference not set to an instance of an object.</Message>
          <StackTrace>   at Microsoft.Playwright.Transport.Connection.InnerSendMessageToServerAsync[T](ChannelOwner object, String method, Dictionary`2 dictionary, Boolean keepNulls) in /_/src/Playwright/Transport/Connection.cs:line 206&#xD;
   at Microsoft.Playwright.Transport.Connection.WrapApiCallAsync[T](Func`1 action, Boolean isInternal) in /_/src/Playwright/Transport/Connection.cs:line 532&#xD;
   at Microsoft.Playwright.Transport.Connection.InitializePlaywrightAsync() in /_/src/Playwright/Transport/Connection.cs:line 245&#xD;
   at Microsoft.Playwright.Playwright.CreateAsync() in /_/src/Playwright/Playwright.cs:line 64&#xD;
   at SnipeItAutomation.Tests.SnipeItTests.Setup() in C:\Users\61410\SnipeITAutomation\Program.cs:line 122&#xD;
   at NUnit.Framework.Internal.TaskAwaitAdapter.GenericAdapter`1.BlockUntilCompleted()&#xD;
   at NUnit.Framework.Internal.MessagePumpStrategy.NoMessagePumpStrategy.WaitForCompletion(AwaitAdapter awaiter)&#xD;
   at NUnit.Framework.Internal.AsyncToSyncAdapter.Await(Func`1 invoke)&#xD;
   at NUnit.Framework.Internal.Commands.SetUpTearDownItem.RunSetUpOrTearDownMethod(TestExecutionContext context, IMethodInfo method)&#xD;
   at NUnit.Framework.Internal.Commands.SetUpTearDownItem.RunSetUp(TestExecutionContext context)&#xD;
   at NUnit.Framework.Internal.Commands.SetUpTearDownCommand.&lt;&gt;c__DisplayClass0_0.&lt;.ctor&gt;b__0(TestExecutionContext context)&#xD;
   at NUnit.Framework.Internal.Commands.BeforeAndAfterTestCommand.&lt;&gt;c__DisplayClass1_0.&lt;Execute&gt;b__0()&#xD;
   at NUnit.Framework.Internal.Commands.DelegatingTestCommand.RunTestMethodInThreadAbortSafeZone(TestExecutionContext context, Action action)&#xD;
--TearDown&#xD;
   at SnipeItAutomation.Tests.SnipeItTests.TearDown() in C:\Users\61410\SnipeITAutomation\Program.cs:line 156&#xD;
   at NUnit.Framework.Internal.TaskAwaitAdapter.GenericAdapter`1.GetResult()&#xD;
   at NUnit.Framework.Internal.AsyncToSyncAdapter.Await(Func`1 invoke)&#xD;
   at NUnit.Framework.Internal.Commands.SetUpTearDownItem.RunSetUpOrTearDownMethod(TestExecutionContext context, IMethodInfo method)&#xD;
   at NUnit.Framework.Internal.Commands.SetUpTearDownItem.RunTearDown(TestExecutionContext context)
</StackTrace>
        </ErrorInfo>
      </Output>
    </UnitTestResult>
  </Results>
  <TestDefinitions>
    <UnitTest name="CreateAndVerifyMacbookProAsset" storage="c:\users\61410\snipeitautomation\bin\debug\net6.0\snipeitautomation.dll" id="a05b935a-b8ab-d242-2b86-e4b070b08456">
      <Execution id="f26d92a9-4fde-4d5f-b043-cbdb3d0e6883" />
      <TestMethod codeBase="C:\Users\61410\SnipeITAutomation\bin\Debug\net6.0\SnipeITAutomation.dll" adapterTypeName="executor://nunit3testexecutor/" className="SnipeItAutomation.Tests.SnipeItTests" name="CreateAndVerifyMacbookProAsset" />
    </UnitTest>
  </TestDefinitions>
  <TestEntries>
    <TestEntry testId="a05b935a-b8ab-d242-2b86-e4b070b08456" executionId="f26d92a9-4fde-4d5f-b043-cbdb3d0e6883" testListId="8c84fa94-04c1-424b-9868-57a2d4851a1d" />
  </TestEntries>
  <TestLists>
    <TestList name="Results Not in a List" id="8c84fa94-04c1-424b-9868-57a2d4851a1d" />
    <TestList name="All Loaded Results" id="19431567-8539-422a-85d7-44ee4e166bda" />
  </TestLists>
  <ResultSummary outcome="Failed">
    <Counters total="1" executed="1" passed="0" failed="1" error="0" timeout="0" aborted="0" inconclusive="0" passedButRunAborted="0" notRunnable="0" notExecuted="0" disconnected="0" warning="0" completed="0" inProgress="0" pending="0" />
    <Output>
      <StdOut>NUnit Adapter 4.5.0.0: Test execution started&#xD;
Running all tests in C:\Users\61410\SnipeITAutomation\bin\Debug\net6.0\SnipeITAutomation.dll&#xD;
   NUnit3TestExecutor discovered 1 of 1 NUnit test cases using Current Discovery mode, Non-Explicit run&#xD;
NUnit Adapter 4.5.0.0: Test execution complete&#xD;
</StdOut>
    </Output>
    <RunInfos>
      <RunInfo computerName="AKASH" outcome="Warning" timestamp="2025-07-25T16:23:26.8057743+10:00">
        <Text>node:internal/modules/cjs/loader:1404</Text>
      </RunInfo>
      <RunInfo computerName="AKASH" outcome="Warning" timestamp="2025-07-25T16:23:26.8073594+10:00">
        <Text>  throw err;</Text>
      </RunInfo>
      <RunInfo computerName="AKASH" outcome="Warning" timestamp="2025-07-25T16:23:26.8079869+10:00">
        <Text>  ^</Text>
      </RunInfo>
      <RunInfo computerName="AKASH" outcome="Warning" timestamp="2025-07-25T16:23:26.8158260+10:00">
        <Text>Error: Cannot find module '../server/utils/processLauncher'</Text>
      </RunInfo>
      <RunInfo computerName="AKASH" outcome="Warning" timestamp="2025-07-25T16:23:26.8161038+10:00">
        <Text>Require stack:</Text>
      </RunInfo>
      <RunInfo computerName="AKASH" outcome="Warning" timestamp="2025-07-25T16:23:26.8165423+10:00">
        <Text>- C:\Users\61410\SnipeITAutomation\bin\Debug\net6.0\.playwright\package\lib\cli\programWithTestStub.js</Text>
      </RunInfo>
      <RunInfo computerName="AKASH" outcome="Warning" timestamp="2025-07-25T16:23:26.8179710+10:00">
        <Text>- C:\Users\61410\SnipeITAutomation\bin\Debug\net6.0\.playwright\package\cli.js</Text>
      </RunInfo>
      <RunInfo computerName="AKASH" outcome="Warning" timestamp="2025-07-25T16:23:26.8181542+10:00">
        <Text>    at Function._resolveFilename (node:internal/modules/cjs/loader:1401:15)</Text>
      </RunInfo>
      <RunInfo computerName="AKASH" outcome="Warning" timestamp="2025-07-25T16:23:26.8184298+10:00">
        <Text>    at defaultResolveImpl (node:internal/modules/cjs/loader:1057:19)</Text>
      </RunInfo>
      <RunInfo computerName="AKASH" outcome="Warning" timestamp="2025-07-25T16:23:26.8186352+10:00">
        <Text>    at resolveForCJSWithHooks (node:internal/modules/cjs/loader:1062:22)</Text>
      </RunInfo>
      <RunInfo computerName="AKASH" outcome="Warning" timestamp="2025-07-25T16:23:26.8188496+10:00">
        <Text>    at Function._load (node:internal/modules/cjs/loader:1211:37)</Text>
      </RunInfo>
      <RunInfo computerName="AKASH" outcome="Warning" timestamp="2025-07-25T16:23:26.8192554+10:00">
        <Text>    at TracingChannel.traceSync (node:diagnostics_channel:322:14)</Text>
      </RunInfo>
      <RunInfo computerName="AKASH" outcome="Warning" timestamp="2025-07-25T16:23:26.8194624+10:00">
        <Text>    at wrapModuleLoad (node:internal/modules/cjs/loader:235:24)</Text>
      </RunInfo>
      <RunInfo computerName="AKASH" outcome="Warning" timestamp="2025-07-25T16:23:26.8197837+10:00">
        <Text>    at Module.require (node:internal/modules/cjs/loader:1487:12)</Text>
      </RunInfo>
      <RunInfo computerName="AKASH" outcome="Warning" timestamp="2025-07-25T16:23:26.8199765+10:00">
        <Text>    at require (node:internal/modules/helpers:135:16)</Text>
      </RunInfo>
      <RunInfo computerName="AKASH" outcome="Warning" timestamp="2025-07-25T16:23:26.8202893+10:00">
        <Text>    at Object.&lt;anonymous&gt; (C:\Users\61410\SnipeITAutomation\bin\Debug\net6.0\.playwright\package\lib\cli\programWithTestStub.js:24:30)</Text>
      </RunInfo>
      <RunInfo computerName="AKASH" outcome="Warning" timestamp="2025-07-25T16:23:26.8206080+10:00">
        <Text>    at Module._compile (node:internal/modules/cjs/loader:1730:14) {</Text>
      </RunInfo>
      <RunInfo computerName="AKASH" outcome="Warning" timestamp="2025-07-25T16:23:26.8209065+10:00">
        <Text>  code: 'MODULE_NOT_FOUND',</Text>
      </RunInfo>
      <RunInfo computerName="AKASH" outcome="Warning" timestamp="2025-07-25T16:23:26.8213588+10:00">
        <Text>  requireStack: [</Text>
      </RunInfo>
      <RunInfo computerName="AKASH" outcome="Warning" timestamp="2025-07-25T16:23:26.8216731+10:00">
        <Text>    'C:\\Users\\61410\\SnipeITAutomation\\bin\\Debug\\net6.0\\.playwright\\package\\lib\\cli\\programWithTestStub.js',</Text>
      </RunInfo>
      <RunInfo computerName="AKASH" outcome="Warning" timestamp="2025-07-25T16:23:26.8221439+10:00">
        <Text>    'C:\\Users\\61410\\SnipeITAutomation\\bin\\Debug\\net6.0\\.playwright\\package\\cli.js'</Text>
      </RunInfo>
      <RunInfo computerName="AKASH" outcome="Warning" timestamp="2025-07-25T16:23:26.8274829+10:00">
        <Text>  ]</Text>
      </RunInfo>
      <RunInfo computerName="AKASH" outcome="Warning" timestamp="2025-07-25T16:23:26.8279079+10:00">
        <Text>}</Text>
      </RunInfo>
      <RunInfo computerName="AKASH" outcome="Warning" timestamp="2025-07-25T16:23:26.8281384+10:00">
        <Text>Node.js v22.17.0</Text>
      </RunInfo>
    </RunInfos>
  </ResultSummary>
</TestRun>