<?xml version="1.0" encoding="utf-8"?>
<TestRun id="feae96f9-7786-4241-83fe-28fc9f480230" name="61410@AKASH 2025-07-25 16:09:32" runUser="AKASH\61410" xmlns="http://microsoft.com/schemas/VisualStudio/TeamTest/2010">
  <Times creation="2025-07-25T16:09:32.3736276+10:00" queuing="2025-07-25T16:09:32.3736280+10:00" start="2025-07-25T16:09:31.5516011+10:00" finish="2025-07-25T16:09:32.3742011+10:00" />
  <TestSettings name="default" id="cdf9a426-1700-4860-947c-6029e411c443">
    <Deployment runDeploymentRoot="61410_AKASH_2025-07-25_16_09_32" />
  </TestSettings>
  <TestLists>
    <TestList name="Results Not in a List" id="8c84fa94-04c1-424b-9868-57a2d4851a1d" />
    <TestList name="All Loaded Results" id="19431567-8539-422a-85d7-44ee4e166bda" />
  </TestLists>
  <ResultSummary outcome="Completed">
    <Counters total="0" executed="0" passed="0" failed="0" error="0" timeout="0" aborted="0" inconclusive="0" passedButRunAborted="0" notRunnable="0" notExecuted="0" disconnected="0" warning="0" completed="0" inProgress="0" pending="0" />
    <Output>
      <StdOut>NUnit Adapter 4.5.0.0: Test execution started&#xD;
Running all tests in C:\Users\61410\SnipeITAutomation\bin\Debug\net6.0\SnipeITAutomation.dll&#xD;
   NUnit3TestExecutor discovered 0 of 0 NUnit test cases using Current Discovery mode, Explicit run&#xD;
NUnit Adapter 4.5.0.0: Test execution complete&#xD;
</StdOut>
    </Output>
    <RunInfos>
      <RunInfo computerName="AKASH" outcome="Warning" timestamp="2025-07-25T16:09:32.2890665+10:00">
        <Text>No test is available in C:\Users\61410\SnipeITAutomation\bin\Debug\net6.0\SnipeITAutomation.dll. Make sure that test discoverer &amp; executors are registered and platform &amp; framework version settings are appropriate and try again.</Text>
      </RunInfo>
    </RunInfos>
  </ResultSummary>
</TestRun>