<?xml version="1.0" encoding="utf-8"?>
<TestRun id="cd6d0274-008d-4fb9-8bba-6d4eaa470f0f" name="61410@AKASH 2025-07-25 16:25:51" runUser="AKASH\61410" xmlns="http://microsoft.com/schemas/VisualStudio/TeamTest/2010">
  <Times creation="2025-07-25T16:25:51.4430911+10:00" queuing="2025-07-25T16:25:51.4430916+10:00" start="2025-07-25T16:25:34.6565013+10:00" finish="2025-07-25T16:25:51.4550959+10:00" />
  <TestSettings name="default" id="6f4f239e-baaf-4eca-8066-b81af60bddc1">
    <Deployment runDeploymentRoot="61410_AKASH_2025-07-25_16_25_51" />
  </TestSettings>
  <Results>
    <UnitTestResult executionId="e6462d01-ebbd-4dac-b10e-99aa163f2fbb" testId="a05b935a-b8ab-d242-2b86-e4b070b08456" testName="CreateAndVerifyMacbookProAsset" computerName="AKASH" duration="00:00:15.7906150" startTime="2025-07-25T16:25:35.5433615+10:00" endTime="2025-07-25T16:25:51.3338995+10:00" testType="13cdc9d9-ddb5-4fa4-a97d-d965ccfc6d4b" outcome="Failed" testListId="8c84fa94-04c1-424b-9868-57a2d4851a1d" relativeResultsDirectory="e6462d01-ebbd-4dac-b10e-99aa163f2fbb">
      <Output>
        <ErrorInfo>
          <Message>Microsoft.Playwright.PlaywrightException : Executable doesn't exist at C:\Users\61410\AppData\Local\ms-playwright\chromium-1117\chrome-win\chrome.exe&#xD;
╔════════════════════════════════════════════════════════════╗&#xD;
║ Looks like Playwright was just installed or updated.       ║&#xD;
║ Please run the following command to download new browsers: ║&#xD;
║                                                            ║&#xD;
║     pwsh bin/Debug/netX/playwright.ps1 install             ║&#xD;
║                                                            ║&#xD;
║ &lt;3 Playwright Team                                         ║&#xD;
╚════════════════════════════════════════════════════════════╝&#xD;
TearDown : System.NullReferenceException : Object reference not set to an instance of an object.</Message>
          <StackTrace>   at Microsoft.Playwright.Transport.Connection.InnerSendMessageToServerAsync[T](ChannelOwner object, String method, Dictionary`2 dictionary, Boolean keepNulls) in /_/src/Playwright/Transport/Connection.cs:line 206&#xD;
   at Microsoft.Playwright.Transport.Connection.WrapApiCallAsync[T](Func`1 action, Boolean isInternal)&#xD;
   at Microsoft.Playwright.Core.BrowserType.LaunchAsync(BrowserTypeLaunchOptions options) in /_/src/Playwright/Core/BrowserType.cs:line 56&#xD;
   at SnipeItAutomation.Tests.SnipeItTests.Setup() in C:\Users\61410\SnipeITAutomation\Program.cs:line 123&#xD;
   at NUnit.Framework.Internal.TaskAwaitAdapter.GenericAdapter`1.BlockUntilCompleted()&#xD;
   at NUnit.Framework.Internal.MessagePumpStrategy.NoMessagePumpStrategy.WaitForCompletion(AwaitAdapter awaiter)&#xD;
   at NUnit.Framework.Internal.AsyncToSyncAdapter.Await(Func`1 invoke)&#xD;
   at NUnit.Framework.Internal.Commands.SetUpTearDownItem.RunSetUpOrTearDownMethod(TestExecutionContext context, IMethodInfo method)&#xD;
   at NUnit.Framework.Internal.Commands.SetUpTearDownItem.RunSetUp(TestExecutionContext context)&#xD;
   at NUnit.Framework.Internal.Commands.SetUpTearDownCommand.&lt;&gt;c__DisplayClass0_0.&lt;.ctor&gt;b__0(TestExecutionContext context)&#xD;
   at NUnit.Framework.Internal.Commands.BeforeAndAfterTestCommand.&lt;&gt;c__DisplayClass1_0.&lt;Execute&gt;b__0()&#xD;
   at NUnit.Framework.Internal.Commands.DelegatingTestCommand.RunTestMethodInThreadAbortSafeZone(TestExecutionContext context, Action action)&#xD;
--TearDown&#xD;
   at SnipeItAutomation.Tests.SnipeItTests.TearDown() in C:\Users\61410\SnipeITAutomation\Program.cs:line 156&#xD;
   at NUnit.Framework.Internal.TaskAwaitAdapter.GenericAdapter`1.GetResult()&#xD;
   at NUnit.Framework.Internal.AsyncToSyncAdapter.Await(Func`1 invoke)&#xD;
   at NUnit.Framework.Internal.Commands.SetUpTearDownItem.RunSetUpOrTearDownMethod(TestExecutionContext context, IMethodInfo method)&#xD;
   at NUnit.Framework.Internal.Commands.SetUpTearDownItem.RunTearDown(TestExecutionContext context)
</StackTrace>
        </ErrorInfo>
      </Output>
    </UnitTestResult>
  </Results>
  <TestDefinitions>
    <UnitTest name="CreateAndVerifyMacbookProAsset" storage="c:\users\61410\snipeitautomation\bin\debug\net6.0\snipeitautomation.dll" id="a05b935a-b8ab-d242-2b86-e4b070b08456">
      <Execution id="e6462d01-ebbd-4dac-b10e-99aa163f2fbb" />
      <TestMethod codeBase="C:\Users\61410\SnipeITAutomation\bin\Debug\net6.0\SnipeITAutomation.dll" adapterTypeName="executor://nunit3testexecutor/" className="SnipeItAutomation.Tests.SnipeItTests" name="CreateAndVerifyMacbookProAsset" />
    </UnitTest>
  </TestDefinitions>
  <TestEntries>
    <TestEntry testId="a05b935a-b8ab-d242-2b86-e4b070b08456" executionId="e6462d01-ebbd-4dac-b10e-99aa163f2fbb" testListId="8c84fa94-04c1-424b-9868-57a2d4851a1d" />
  </TestEntries>
  <TestLists>
    <TestList name="Results Not in a List" id="8c84fa94-04c1-424b-9868-57a2d4851a1d" />
    <TestList name="All Loaded Results" id="19431567-8539-422a-85d7-44ee4e166bda" />
  </TestLists>
  <ResultSummary outcome="Failed">
    <Counters total="1" executed="1" passed="0" failed="1" error="0" timeout="0" aborted="0" inconclusive="0" passedButRunAborted="0" notRunnable="0" notExecuted="0" disconnected="0" warning="0" completed="0" inProgress="0" pending="0" />
    <Output>
      <StdOut>NUnit Adapter 4.3.1.0: Test execution started&#xD;
Running all tests in C:\Users\61410\SnipeITAutomation\bin\Debug\net6.0\SnipeITAutomation.dll&#xD;
   NUnit3TestExecutor discovered 1 of 1 NUnit test cases using Current Discovery mode, Non-Explicit run&#xD;
NUnit Adapter 4.3.1.0: Test execution complete&#xD;
</StdOut>
    </Output>
  </ResultSummary>
</TestRun>