<?xml version="1.0" encoding="utf-8"?>
<TestRun id="2cea5ea1-7bf8-4030-abe7-1544b6d64595" name="61410@AKASH 2025-07-25 16:04:00" runUser="AKASH\61410" xmlns="http://microsoft.com/schemas/VisualStudio/TeamTest/2010">
  <Times creation="2025-07-25T16:04:00.2035880+10:00" queuing="2025-07-25T16:04:00.2035882+10:00" start="2025-07-25T16:03:59.4300478+10:00" finish="2025-07-25T16:04:00.2040032+10:00" />
  <TestSettings name="default" id="21235880-46f3-42fb-b80a-0462a43d5356">
    <Deployment runDeploymentRoot="61410_AKASH_2025-07-25_16_04_00" />
  </TestSettings>
  <TestLists>
    <TestList name="Results Not in a List" id="8c84fa94-04c1-424b-9868-57a2d4851a1d" />
    <TestList name="All Loaded Results" id="19431567-8539-422a-85d7-44ee4e166bda" />
  </TestLists>
  <ResultSummary outcome="Completed">
    <Counters total="0" executed="0" passed="0" failed="0" error="0" timeout="0" aborted="0" inconclusive="0" passedButRunAborted="0" notRunnable="0" notExecuted="0" disconnected="0" warning="0" completed="0" inProgress="0" pending="0" />
    <Output>
      <StdOut>NUnit Adapter 4.5.0.0: Test execution started&#xD;
Running all tests in C:\Users\61410\SnipeITAutomation\bin\Debug\net6.0\SnipeITAutomation.dll&#xD;
   NUnit3TestExecutor discovered 0 of 0 NUnit test cases using Current Discovery mode, Explicit run&#xD;
NUnit Adapter 4.5.0.0: Test execution complete&#xD;
</StdOut>
    </Output>
    <RunInfos>
      <RunInfo computerName="AKASH" outcome="Warning" timestamp="2025-07-25T16:04:00.1177247+10:00">
        <Text>No test is available in C:\Users\61410\SnipeITAutomation\bin\Debug\net6.0\SnipeITAutomation.dll. Make sure that test discoverer &amp; executors are registered and platform &amp; framework version settings are appropriate and try again.</Text>
      </RunInfo>
    </RunInfos>
  </ResultSummary>
</TestRun>